This file contains any messages produced by compilers while
running configure, to aid debugging if configure makes a mistake.

It was created by configure, which was
generated by GNU Autoconf 2.59.  Invocation command line was

  $ ./configure 

## --------- ##
## Platform. ##
## --------- ##

hostname = ubuntu
uname -m = i686
uname -r = 3.13.0-32-generic
uname -s = Linux
uname -v = #57-Ubuntu SMP Tue Jul 15 03:51:12 UTC 2014

/usr/bin/uname -p = unknown
/bin/uname -X     = unknown

/bin/arch              = unknown
/usr/bin/arch -k       = unknown
/usr/convex/getsysinfo = unknown
hostinfo               = unknown
/bin/machine           = unknown
/usr/bin/oslevel       = unknown
/bin/universe          = unknown

PATH: /usr/local/sbin
PATH: /usr/local/bin
PATH: /usr/sbin
PATH: /usr/bin
PATH: /sbin
PATH: /bin
PATH: /usr/games
PATH: /usr/local/games


## ----------- ##
## Core tests. ##
## ----------- ##

configure:1347: checking for a BSD-compatible install
configure:1402: result: /usr/bin/install -c
configure:1413: checking whether build environment is sane
configure:1456: result: yes
configure:1521: checking for gawk
configure:1550: result: no
configure:1521: checking for mawk
configure:1537: found /usr/bin/mawk
configure:1547: result: mawk
configure:1557: checking whether make sets $(MAKE)
configure:1577: result: yes
configure:1795: checking for gcc
configure:1811: found /usr/bin/gcc
configure:1821: result: gcc
configure:2065: checking for C compiler version
configure:2068: gcc --version </dev/null >&5
gcc (Ubuntu 4.8.4-2ubuntu1~14.04) 4.8.4
Copyright (C) 2013 Free Software Foundation, Inc.
This is free software; see the source for copying conditions.  There is NO
warranty; not even for MERCHANTABILITY or FITNESS FOR A PARTICULAR PURPOSE.

configure:2071: $? = 0
configure:2073: gcc -v </dev/null >&5
Using built-in specs.
COLLECT_GCC=gcc
COLLECT_LTO_WRAPPER=/usr/lib/gcc/i686-linux-gnu/4.8/lto-wrapper
Target: i686-linux-gnu
Configured with: ../src/configure -v --with-pkgversion='Ubuntu 4.8.4-2ubuntu1~14.04' --with-bugurl=file:///usr/share/doc/gcc-4.8/README.Bugs --enable-languages=c,c++,java,go,d,fortran,objc,obj-c++ --prefix=/usr --program-suffix=-4.8 --enable-shared --enable-linker-build-id --libexecdir=/usr/lib --without-included-gettext --enable-threads=posix --with-gxx-include-dir=/usr/include/c++/4.8 --libdir=/usr/lib --enable-nls --with-sysroot=/ --enable-clocale=gnu --enable-libstdcxx-debug --enable-libstdcxx-time=yes --enable-gnu-unique-object --disable-libmudflap --enable-plugin --with-system-zlib --disable-browser-plugin --enable-java-awt=gtk --enable-gtk-cairo --with-java-home=/usr/lib/jvm/java-1.5.0-gcj-4.8-i386/jre --enable-java-home --with-jvm-root-dir=/usr/lib/jvm/java-1.5.0-gcj-4.8-i386 --with-jvm-jar-dir=/usr/lib/jvm-exports/java-1.5.0-gcj-4.8-i386 --with-arch-directory=i386 --with-ecj-jar=/usr/share/java/eclipse-ecj.jar --enable-objc-gc --enable-targets=all --enable-multiarch --disable-werror --with-arch-32=i686 --with-multilib-list=m32,m64,mx32 --with-tune=generic --enable-checking=release --build=i686-linux-gnu --host=i686-linux-gnu --target=i686-linux-gnu
Thread model: posix
gcc version 4.8.4 (Ubuntu 4.8.4-2ubuntu1~14.04) 
configure:2076: $? = 0
configure:2078: gcc -V </dev/null >&5
gcc: error: unrecognized command line option '-V'
gcc: fatal error: no input files
compilation terminated.
configure:2081: $? = 4
configure:2104: checking for C compiler default output file name
configure:2107: gcc -g   conftest.c  >&5
configure:2110: $? = 0
configure:2156: result: a.out
configure:2161: checking whether the C compiler works
configure:2167: ./a.out
configure:2170: $? = 0
configure:2187: result: yes
configure:2194: checking whether we are cross compiling
configure:2196: result: no
configure:2199: checking for suffix of executables
configure:2201: gcc -o conftest -g   conftest.c  >&5
configure:2204: $? = 0
configure:2229: result: 
configure:2235: checking for suffix of object files
configure:2256: gcc -c -g  conftest.c >&5
configure:2259: $? = 0
configure:2281: result: o
configure:2285: checking whether we are using the GNU C compiler
configure:2309: gcc -c -g  conftest.c >&5
configure:2315: $? = 0
configure:2319: test -z 
			 || test ! -s conftest.err
configure:2322: $? = 0
configure:2325: test -s conftest.o
configure:2328: $? = 0
configure:2341: result: yes
configure:2347: checking whether gcc accepts -g
configure:2368: gcc -c -g  conftest.c >&5
configure:2374: $? = 0
configure:2378: test -z 
			 || test ! -s conftest.err
configure:2381: $? = 0
configure:2384: test -s conftest.o
configure:2387: $? = 0
configure:2398: result: yes
configure:2415: checking for gcc option to accept ANSI C
configure:2485: gcc  -c -g  conftest.c >&5
configure:2491: $? = 0
configure:2495: test -z 
			 || test ! -s conftest.err
configure:2498: $? = 0
configure:2501: test -s conftest.o
configure:2504: $? = 0
configure:2522: result: none needed
configure:2540: gcc -c -g  conftest.c >&5
conftest.c:2:3: error: unknown type name 'choke'
   choke me
   ^
conftest.c:2:3: error: expected '=', ',', ';', 'asm' or '__attribute__' at end of input
configure:2546: $? = 1
configure: failed program was:
| #ifndef __cplusplus
|   choke me
| #endif
configure:2690: checking for style of include used by make
configure:2718: result: GNU
configure:2746: checking dependency style of gcc
configure:2836: result: gcc3
configure:2870: checking build system type
configure:2888: result: i686-pc-linux-gnu
configure:2896: checking host system type
configure:2910: result: i686-pc-linux-gnu
configure:2936: checking for SSL directory
configure:2964: result: /usr
configure:2969: checking whether to enable TCP wrappers
configure:2983: result: no
configure:3066: checking for inet_aton in -lresolv
configure:3096: gcc -o conftest -g -O2 -Wall -Wmissing-prototypes   conftest.c -lresolv   >&5
configure:3102: $? = 0
configure:3106: test -z 
			 || test ! -s conftest.err
configure:3109: $? = 0
configure:3112: test -s conftest
configure:3115: $? = 0
configure:3128: result: yes
configure:3140: checking for connect in -lsocket
configure:3170: gcc -o conftest -g -O2 -Wall -Wmissing-prototypes   conftest.c -lsocket  -lresolv  >&5
/usr/bin/ld: cannot find -lsocket
collect2: error: ld returned 1 exit status
configure:3176: $? = 1
configure: failed program was:
| /* confdefs.h.  */
| 
| #define PACKAGE_NAME ""
| #define PACKAGE_TARNAME ""
| #define PACKAGE_VERSION ""
| #define PACKAGE_STRING ""
| #define PACKAGE_BUGREPORT ""
| #define PACKAGE "tlswrap"
| #define VERSION "0.8"
| #define HAVE_LIBRESOLV 1
| /* end confdefs.h.  */
| 
| /* Override any gcc2 internal prototype to avoid an error.  */
| #ifdef __cplusplus
| extern "C"
| #endif
| /* We use char because int might match the return type of a gcc2
|    builtin and then its argument prototype would still apply.  */
| char connect ();
| int
| main ()
| {
| connect ();
|   ;
|   return 0;
| }
configure:3202: result: no
configure:3214: checking for inet_ntoa in -lnsl
configure:3244: gcc -o conftest -g -O2 -Wall -Wmissing-prototypes   conftest.c -lnsl  -lresolv  >&5
configure:3250: $? = 0
configure:3254: test -z 
			 || test ! -s conftest.err
configure:3257: $? = 0
configure:3260: test -s conftest
configure:3263: $? = 0
configure:3276: result: yes
configure:3288: checking for pidfile in -lutil
configure:3318: gcc -o conftest -g -O2 -Wall -Wmissing-prototypes   conftest.c -lutil  -lnsl -lresolv  >&5
/tmp/cc3ftanf.o: In function `main':
/home/sylar/tlswrap-1.04/conftest.c:24: undefined reference to `pidfile'
collect2: error: ld returned 1 exit status
configure:3324: $? = 1
configure: failed program was:
| /* confdefs.h.  */
| 
| #define PACKAGE_NAME ""
| #define PACKAGE_TARNAME ""
| #define PACKAGE_VERSION ""
| #define PACKAGE_STRING ""
| #define PACKAGE_BUGREPORT ""
| #define PACKAGE "tlswrap"
| #define VERSION "0.8"
| #define HAVE_LIBRESOLV 1
| #define HAVE_LIBNSL 1
| /* end confdefs.h.  */
| 
| /* Override any gcc2 internal prototype to avoid an error.  */
| #ifdef __cplusplus
| extern "C"
| #endif
| /* We use char because int might match the return type of a gcc2
|    builtin and then its argument prototype would still apply.  */
| char pidfile ();
| int
| main ()
| {
| pidfile ();
|   ;
|   return 0;
| }
configure:3350: result: no
configure:3371: checking how to run the C preprocessor
configure:3406: gcc -E  conftest.c
configure:3412: $? = 0
configure:3444: gcc -E  conftest.c
conftest.c:13:28: fatal error: ac_nonexistent.h: No such file or directory
 #include <ac_nonexistent.h>
                            ^
compilation terminated.
configure:3450: $? = 1
configure: failed program was:
| /* confdefs.h.  */
| 
| #define PACKAGE_NAME ""
| #define PACKAGE_TARNAME ""
| #define PACKAGE_VERSION ""
| #define PACKAGE_STRING ""
| #define PACKAGE_BUGREPORT ""
| #define PACKAGE "tlswrap"
| #define VERSION "0.8"
| #define HAVE_LIBRESOLV 1
| #define HAVE_LIBNSL 1
| /* end confdefs.h.  */
| #include <ac_nonexistent.h>
configure:3489: result: gcc -E
configure:3513: gcc -E  conftest.c
configure:3519: $? = 0
configure:3551: gcc -E  conftest.c
conftest.c:13:28: fatal error: ac_nonexistent.h: No such file or directory
 #include <ac_nonexistent.h>
                            ^
compilation terminated.
configure:3557: $? = 1
configure: failed program was:
| /* confdefs.h.  */
| 
| #define PACKAGE_NAME ""
| #define PACKAGE_TARNAME ""
| #define PACKAGE_VERSION ""
| #define PACKAGE_STRING ""
| #define PACKAGE_BUGREPORT ""
| #define PACKAGE "tlswrap"
| #define VERSION "0.8"
| #define HAVE_LIBRESOLV 1
| #define HAVE_LIBNSL 1
| /* end confdefs.h.  */
| #include <ac_nonexistent.h>
configure:3601: checking for egrep
configure:3611: result: grep -E
configure:3616: checking for ANSI C header files
configure:3641: gcc -c -g -O2 -Wall -Wmissing-prototypes -I/usr/include  conftest.c >&5
configure:3647: $? = 0
configure:3651: test -z 
			 || test ! -s conftest.err
configure:3654: $? = 0
configure:3657: test -s conftest.o
configure:3660: $? = 0
configure:3749: gcc -o conftest -g -O2 -Wall -Wmissing-prototypes -I/usr/include   conftest.c -lnsl -lresolv  -L/usr/lib -lssl -lcrypto >&5
conftest.c: In function 'main':
conftest.c:30:7: warning: implicit declaration of function 'exit' [-Wimplicit-function-declaration]
       exit(2);
       ^
conftest.c:30:7: warning: incompatible implicit declaration of built-in function 'exit' [enabled by default]
configure:3752: $? = 0
configure:3754: ./conftest
configure:3757: $? = 0
configure:3772: result: yes
configure:3796: checking for sys/types.h
configure:3812: gcc -c -g -O2 -Wall -Wmissing-prototypes -I/usr/include  conftest.c >&5
configure:3818: $? = 0
configure:3822: test -z 
			 || test ! -s conftest.err
configure:3825: $? = 0
configure:3828: test -s conftest.o
configure:3831: $? = 0
configure:3842: result: yes
configure:3796: checking for sys/stat.h
configure:3812: gcc -c -g -O2 -Wall -Wmissing-prototypes -I/usr/include  conftest.c >&5
configure:3818: $? = 0
configure:3822: test -z 
			 || test ! -s conftest.err
configure:3825: $? = 0
configure:3828: test -s conftest.o
configure:3831: $? = 0
configure:3842: result: yes
configure:3796: checking for stdlib.h
configure:3812: gcc -c -g -O2 -Wall -Wmissing-prototypes -I/usr/include  conftest.c >&5
configure:3818: $? = 0
configure:3822: test -z 
			 || test ! -s conftest.err
configure:3825: $? = 0
configure:3828: test -s conftest.o
configure:3831: $? = 0
configure:3842: result: yes
configure:3796: checking for string.h
configure:3812: gcc -c -g -O2 -Wall -Wmissing-prototypes -I/usr/include  conftest.c >&5
configure:3818: $? = 0
configure:3822: test -z 
			 || test ! -s conftest.err
configure:3825: $? = 0
configure:3828: test -s conftest.o
configure:3831: $? = 0
configure:3842: result: yes
configure:3796: checking for memory.h
configure:3812: gcc -c -g -O2 -Wall -Wmissing-prototypes -I/usr/include  conftest.c >&5
configure:3818: $? = 0
configure:3822: test -z 
			 || test ! -s conftest.err
configure:3825: $? = 0
configure:3828: test -s conftest.o
configure:3831: $? = 0
configure:3842: result: yes
configure:3796: checking for strings.h
configure:3812: gcc -c -g -O2 -Wall -Wmissing-prototypes -I/usr/include  conftest.c >&5
configure:3818: $? = 0
configure:3822: test -z 
			 || test ! -s conftest.err
configure:3825: $? = 0
configure:3828: test -s conftest.o
configure:3831: $? = 0
configure:3842: result: yes
configure:3796: checking for inttypes.h
configure:3812: gcc -c -g -O2 -Wall -Wmissing-prototypes -I/usr/include  conftest.c >&5
configure:3818: $? = 0
configure:3822: test -z 
			 || test ! -s conftest.err
configure:3825: $? = 0
configure:3828: test -s conftest.o
configure:3831: $? = 0
configure:3842: result: yes
configure:3796: checking for stdint.h
configure:3812: gcc -c -g -O2 -Wall -Wmissing-prototypes -I/usr/include  conftest.c >&5
configure:3818: $? = 0
configure:3822: test -z 
			 || test ! -s conftest.err
configure:3825: $? = 0
configure:3828: test -s conftest.o
configure:3831: $? = 0
configure:3842: result: yes
configure:3796: checking for unistd.h
configure:3812: gcc -c -g -O2 -Wall -Wmissing-prototypes -I/usr/include  conftest.c >&5
configure:3818: $? = 0
configure:3822: test -z 
			 || test ! -s conftest.err
configure:3825: $? = 0
configure:3828: test -s conftest.o
configure:3831: $? = 0
configure:3842: result: yes
configure:3872: checking fcntl.h usability
configure:3884: gcc -c -g -O2 -Wall -Wmissing-prototypes -I/usr/include  conftest.c >&5
configure:3890: $? = 0
configure:3894: test -z 
			 || test ! -s conftest.err
configure:3897: $? = 0
configure:3900: test -s conftest.o
configure:3903: $? = 0
configure:3913: result: yes
configure:3917: checking fcntl.h presence
configure:3927: gcc -E  conftest.c
configure:3933: $? = 0
configure:3953: result: yes
configure:3988: checking for fcntl.h
configure:3995: result: yes
configure:3863: checking for strings.h
configure:3868: result: yes
configure:3872: checking sys/time.h usability
configure:3884: gcc -c -g -O2 -Wall -Wmissing-prototypes -I/usr/include  conftest.c >&5
configure:3890: $? = 0
configure:3894: test -z 
			 || test ! -s conftest.err
configure:3897: $? = 0
configure:3900: test -s conftest.o
configure:3903: $? = 0
configure:3913: result: yes
configure:3917: checking sys/time.h presence
configure:3927: gcc -E  conftest.c
configure:3933: $? = 0
configure:3953: result: yes
configure:3988: checking for sys/time.h
configure:3995: result: yes
configure:3872: checking syslog.h usability
configure:3884: gcc -c -g -O2 -Wall -Wmissing-prototypes -I/usr/include  conftest.c >&5
configure:3890: $? = 0
configure:3894: test -z 
			 || test ! -s conftest.err
configure:3897: $? = 0
configure:3900: test -s conftest.o
configure:3903: $? = 0
configure:3913: result: yes
configure:3917: checking syslog.h presence
configure:3927: gcc -E  conftest.c
configure:3933: $? = 0
configure:3953: result: yes
configure:3988: checking for syslog.h
configure:3995: result: yes
configure:3863: checking for unistd.h
configure:3868: result: yes
configure:4009: checking for an ANSI C-conforming const
configure:4076: gcc -c -g -O2 -Wall -Wmissing-prototypes -I/usr/include  conftest.c >&5
conftest.c: In function 'main':
conftest.c:55:17: warning: unused variable 's' [-Wunused-variable]
     char const *s = 0 ? (char *) 0 : (char const *) 0;
                 ^
conftest.c:75:15: warning: unused variable 'foo' [-Wunused-variable]
     const int foo = 10;
               ^
conftest.c:42:29: warning: unused variable 'zero' [-Wunused-variable]
   static struct point const zero = {0,0};
                             ^
conftest.c:36:17: warning: unused variable 'x' [-Wunused-variable]
   const charset x;
                 ^
conftest.c:57:7: warning: 't' is used uninitialized in this function [-Wuninitialized]
     *t++ = 0;
       ^
conftest.c:72:23: warning: 'b' is used uninitialized in this function [-Wuninitialized]
     struct s *b; b->j = 5;
                       ^
configure:4082: $? = 0
configure:4086: test -z 
			 || test ! -s conftest.err
configure:4089: $? = 0
configure:4092: test -s conftest.o
configure:4095: $? = 0
configure:4106: result: yes
configure:4116: checking for pid_t
configure:4140: gcc -c -g -O2 -Wall -Wmissing-prototypes -I/usr/include  conftest.c >&5
configure:4146: $? = 0
configure:4150: test -z 
			 || test ! -s conftest.err
configure:4153: $? = 0
configure:4156: test -s conftest.o
configure:4159: $? = 0
configure:4170: result: yes
configure:4182: checking for size_t
configure:4206: gcc -c -g -O2 -Wall -Wmissing-prototypes -I/usr/include  conftest.c >&5
configure:4212: $? = 0
configure:4216: test -z 
			 || test ! -s conftest.err
configure:4219: $? = 0
configure:4222: test -s conftest.o
configure:4225: $? = 0
configure:4236: result: yes
configure:4250: checking for socklen_t
configure:4275: gcc -c -g -O2 -Wall -Wmissing-prototypes -I/usr/include  conftest.c >&5
configure:4281: $? = 0
configure:4285: test -z 
			 || test ! -s conftest.err
configure:4288: $? = 0
configure:4291: test -s conftest.o
configure:4294: $? = 0
configure:4305: result: yes
configure:4331: checking for working memcmp
configure:4379: gcc -o conftest -g -O2 -Wall -Wmissing-prototypes -I/usr/include   conftest.c -lnsl -lresolv  -L/usr/lib -lssl -lcrypto >&5
configure:4382: $? = 0
configure:4384: ./conftest
configure:4387: $? = 0
configure:4401: result: yes
configure:4424: checking for getopt
configure:4481: gcc -o conftest -g -O2 -Wall -Wmissing-prototypes -I/usr/include   conftest.c -lnsl -lresolv  -L/usr/lib -lssl -lcrypto >&5
configure:4487: $? = 0
configure:4491: test -z 
			 || test ! -s conftest.err
configure:4494: $? = 0
configure:4497: test -s conftest
configure:4500: $? = 0
configure:4512: result: yes
configure:4424: checking for pidfile
configure:4481: gcc -o conftest -g -O2 -Wall -Wmissing-prototypes -I/usr/include   conftest.c -lnsl -lresolv  -L/usr/lib -lssl -lcrypto >&5
/tmp/ccRf0dQU.o:(.data+0x0): undefined reference to `pidfile'
/tmp/ccRf0dQU.o: In function `main':
/home/sylar/tlswrap-1.04/conftest.c:69: undefined reference to `pidfile'
collect2: error: ld returned 1 exit status
configure:4487: $? = 1
configure: failed program was:
| /* confdefs.h.  */
| 
| #define PACKAGE_NAME ""
| #define PACKAGE_TARNAME ""
| #define PACKAGE_VERSION ""
| #define PACKAGE_STRING ""
| #define PACKAGE_BUGREPORT ""
| #define PACKAGE "tlswrap"
| #define VERSION "0.8"
| #define HAVE_LIBRESOLV 1
| #define HAVE_LIBNSL 1
| #define STDC_HEADERS 1
| #define HAVE_SYS_TYPES_H 1
| #define HAVE_SYS_STAT_H 1
| #define HAVE_STDLIB_H 1
| #define HAVE_STRING_H 1
| #define HAVE_MEMORY_H 1
| #define HAVE_STRINGS_H 1
| #define HAVE_INTTYPES_H 1
| #define HAVE_STDINT_H 1
| #define HAVE_UNISTD_H 1
| #define HAVE_FCNTL_H 1
| #define HAVE_STRINGS_H 1
| #define HAVE_SYS_TIME_H 1
| #define HAVE_SYSLOG_H 1
| #define HAVE_UNISTD_H 1
| #define HAVE_GETOPT 1
| /* end confdefs.h.  */
| /* Define pidfile to an innocuous variant, in case <limits.h> declares pidfile.
|    For example, HP-UX 11i <limits.h> declares gettimeofday.  */
| #define pidfile innocuous_pidfile
| 
| /* System header to define __stub macros and hopefully few prototypes,
|     which can conflict with char pidfile (); below.
|     Prefer <limits.h> to <assert.h> if __STDC__ is defined, since
|     <limits.h> exists even on freestanding compilers.  */
| 
| #ifdef __STDC__
| # include <limits.h>
| #else
| # include <assert.h>
| #endif
| 
| #undef pidfile
| 
| /* Override any gcc2 internal prototype to avoid an error.  */
| #ifdef __cplusplus
| extern "C"
| {
| #endif
| /* We use char because int might match the return type of a gcc2
|    builtin and then its argument prototype would still apply.  */
| char pidfile ();
| /* The GNU C library defines this for functions which it implements
|     to always fail with ENOSYS.  Some functions are actually named
|     something starting with __ and the normal name is an alias.  */
| #if defined (__stub_pidfile) || defined (__stub___pidfile)
| choke me
| #else
| char (*f) () = pidfile;
| #endif
| #ifdef __cplusplus
| }
| #endif
| 
| int
| main ()
| {
| return f != pidfile;
|   ;
|   return 0;
| }
configure:4512: result: no
configure:4424: checking for inet_aton
configure:4481: gcc -o conftest -g -O2 -Wall -Wmissing-prototypes -I/usr/include   conftest.c -lnsl -lresolv  -L/usr/lib -lssl -lcrypto >&5
configure:4487: $? = 0
configure:4491: test -z 
			 || test ! -s conftest.err
configure:4494: $? = 0
configure:4497: test -s conftest
configure:4500: $? = 0
configure:4512: result: yes
configure:4424: checking for RAND_status
configure:4481: gcc -o conftest -g -O2 -Wall -Wmissing-prototypes -I/usr/include   conftest.c -lnsl -lresolv  -L/usr/lib -lssl -lcrypto >&5
configure:4487: $? = 0
configure:4491: test -z 
			 || test ! -s conftest.err
configure:4494: $? = 0
configure:4497: test -s conftest
configure:4500: $? = 0
configure:4512: result: yes
configure:4424: checking for errx
configure:4481: gcc -o conftest -g -O2 -Wall -Wmissing-prototypes -I/usr/include   conftest.c -lnsl -lresolv  -L/usr/lib -lssl -lcrypto >&5
configure:4487: $? = 0
configure:4491: test -z 
			 || test ! -s conftest.err
configure:4494: $? = 0
configure:4497: test -s conftest
configure:4500: $? = 0
configure:4512: result: yes
configure:4424: checking for strlcpy
configure:4481: gcc -o conftest -g -O2 -Wall -Wmissing-prototypes -I/usr/include   conftest.c -lnsl -lresolv  -L/usr/lib -lssl -lcrypto >&5
/tmp/cc4UNvkx.o:(.data+0x0): undefined reference to `strlcpy'
/tmp/cc4UNvkx.o: In function `main':
/home/sylar/tlswrap-1.04/conftest.c:72: undefined reference to `strlcpy'
collect2: error: ld returned 1 exit status
configure:4487: $? = 1
configure: failed program was:
| /* confdefs.h.  */
| 
| #define PACKAGE_NAME ""
| #define PACKAGE_TARNAME ""
| #define PACKAGE_VERSION ""
| #define PACKAGE_STRING ""
| #define PACKAGE_BUGREPORT ""
| #define PACKAGE "tlswrap"
| #define VERSION "0.8"
| #define HAVE_LIBRESOLV 1
| #define HAVE_LIBNSL 1
| #define STDC_HEADERS 1
| #define HAVE_SYS_TYPES_H 1
| #define HAVE_SYS_STAT_H 1
| #define HAVE_STDLIB_H 1
| #define HAVE_STRING_H 1
| #define HAVE_MEMORY_H 1
| #define HAVE_STRINGS_H 1
| #define HAVE_INTTYPES_H 1
| #define HAVE_STDINT_H 1
| #define HAVE_UNISTD_H 1
| #define HAVE_FCNTL_H 1
| #define HAVE_STRINGS_H 1
| #define HAVE_SYS_TIME_H 1
| #define HAVE_SYSLOG_H 1
| #define HAVE_UNISTD_H 1
| #define HAVE_GETOPT 1
| #define HAVE_INET_ATON 1
| #define HAVE_RAND_STATUS 1
| #define HAVE_ERRX 1
| /* end confdefs.h.  */
| /* Define strlcpy to an innocuous variant, in case <limits.h> declares strlcpy.
|    For example, HP-UX 11i <limits.h> declares gettimeofday.  */
| #define strlcpy innocuous_strlcpy
| 
| /* System header to define __stub macros and hopefully few prototypes,
|     which can conflict with char strlcpy (); below.
|     Prefer <limits.h> to <assert.h> if __STDC__ is defined, since
|     <limits.h> exists even on freestanding compilers.  */
| 
| #ifdef __STDC__
| # include <limits.h>
| #else
| # include <assert.h>
| #endif
| 
| #undef strlcpy
| 
| /* Override any gcc2 internal prototype to avoid an error.  */
| #ifdef __cplusplus
| extern "C"
| {
| #endif
| /* We use char because int might match the return type of a gcc2
|    builtin and then its argument prototype would still apply.  */
| char strlcpy ();
| /* The GNU C library defines this for functions which it implements
|     to always fail with ENOSYS.  Some functions are actually named
|     something starting with __ and the normal name is an alias.  */
| #if defined (__stub_strlcpy) || defined (__stub___strlcpy)
| choke me
| #else
| char (*f) () = strlcpy;
| #endif
| #ifdef __cplusplus
| }
| #endif
| 
| int
| main ()
| {
| return f != strlcpy;
|   ;
|   return 0;
| }
configure:4512: result: no
configure:4424: checking for daemon
configure:4481: gcc -o conftest -g -O2 -Wall -Wmissing-prototypes -I/usr/include   conftest.c -lnsl -lresolv  -L/usr/lib -lssl -lcrypto >&5
configure:4487: $? = 0
configure:4491: test -z 
			 || test ! -s conftest.err
configure:4494: $? = 0
configure:4497: test -s conftest
configure:4500: $? = 0
configure:4512: result: yes
configure:4424: checking for getnameinfo
configure:4481: gcc -o conftest -g -O2 -Wall -Wmissing-prototypes -I/usr/include   conftest.c -lnsl -lresolv  -L/usr/lib -lssl -lcrypto >&5
configure:4487: $? = 0
configure:4491: test -z 
			 || test ! -s conftest.err
configure:4494: $? = 0
configure:4497: test -s conftest
configure:4500: $? = 0
configure:4512: result: yes
configure:4424: checking for setproctitle
configure:4481: gcc -o conftest -g -O2 -Wall -Wmissing-prototypes -I/usr/include   conftest.c -lnsl -lresolv  -L/usr/lib -lssl -lcrypto >&5
/tmp/ccbLYXX6.o:(.data+0x0): undefined reference to `setproctitle'
/tmp/ccbLYXX6.o: In function `main':
/home/sylar/tlswrap-1.04/conftest.c:74: undefined reference to `setproctitle'
collect2: error: ld returned 1 exit status
configure:4487: $? = 1
configure: failed program was:
| /* confdefs.h.  */
| 
| #define PACKAGE_NAME ""
| #define PACKAGE_TARNAME ""
| #define PACKAGE_VERSION ""
| #define PACKAGE_STRING ""
| #define PACKAGE_BUGREPORT ""
| #define PACKAGE "tlswrap"
| #define VERSION "0.8"
| #define HAVE_LIBRESOLV 1
| #define HAVE_LIBNSL 1
| #define STDC_HEADERS 1
| #define HAVE_SYS_TYPES_H 1
| #define HAVE_SYS_STAT_H 1
| #define HAVE_STDLIB_H 1
| #define HAVE_STRING_H 1
| #define HAVE_MEMORY_H 1
| #define HAVE_STRINGS_H 1
| #define HAVE_INTTYPES_H 1
| #define HAVE_STDINT_H 1
| #define HAVE_UNISTD_H 1
| #define HAVE_FCNTL_H 1
| #define HAVE_STRINGS_H 1
| #define HAVE_SYS_TIME_H 1
| #define HAVE_SYSLOG_H 1
| #define HAVE_UNISTD_H 1
| #define HAVE_GETOPT 1
| #define HAVE_INET_ATON 1
| #define HAVE_RAND_STATUS 1
| #define HAVE_ERRX 1
| #define HAVE_DAEMON 1
| #define HAVE_GETNAMEINFO 1
| /* end confdefs.h.  */
| /* Define setproctitle to an innocuous variant, in case <limits.h> declares setproctitle.
|    For example, HP-UX 11i <limits.h> declares gettimeofday.  */
| #define setproctitle innocuous_setproctitle
| 
| /* System header to define __stub macros and hopefully few prototypes,
|     which can conflict with char setproctitle (); below.
|     Prefer <limits.h> to <assert.h> if __STDC__ is defined, since
|     <limits.h> exists even on freestanding compilers.  */
| 
| #ifdef __STDC__
| # include <limits.h>
| #else
| # include <assert.h>
| #endif
| 
| #undef setproctitle
| 
| /* Override any gcc2 internal prototype to avoid an error.  */
| #ifdef __cplusplus
| extern "C"
| {
| #endif
| /* We use char because int might match the return type of a gcc2
|    builtin and then its argument prototype would still apply.  */
| char setproctitle ();
| /* The GNU C library defines this for functions which it implements
|     to always fail with ENOSYS.  Some functions are actually named
|     something starting with __ and the normal name is an alias.  */
| #if defined (__stub_setproctitle) || defined (__stub___setproctitle)
| choke me
| #else
| char (*f) () = setproctitle;
| #endif
| #ifdef __cplusplus
| }
| #endif
| 
| int
| main ()
| {
| return f != setproctitle;
|   ;
|   return 0;
| }
configure:4512: result: no
configure:4633: creating ./config.status

## ---------------------- ##
## Running config.status. ##
## ---------------------- ##

This file was extended by config.status, which was
generated by GNU Autoconf 2.59.  Invocation command line was

  CONFIG_FILES    = 
  CONFIG_HEADERS  = 
  CONFIG_LINKS    = 
  CONFIG_COMMANDS = 
  $ ./config.status 

on ubuntu

config.status:699: creating Makefile
config.status:803: creating conf.h
config.status:1115: executing depfiles commands

## ---------------- ##
## Cache variables. ##
## ---------------- ##

ac_cv_build=i686-pc-linux-gnu
ac_cv_build_alias=i686-pc-linux-gnu
ac_cv_c_compiler_gnu=yes
ac_cv_c_const=yes
ac_cv_env_CC_set=
ac_cv_env_CC_value=
ac_cv_env_CFLAGS_set=
ac_cv_env_CFLAGS_value=
ac_cv_env_CPPFLAGS_set=
ac_cv_env_CPPFLAGS_value=
ac_cv_env_CPP_set=
ac_cv_env_CPP_value=
ac_cv_env_LDFLAGS_set=
ac_cv_env_LDFLAGS_value=
ac_cv_env_build_alias_set=
ac_cv_env_build_alias_value=
ac_cv_env_host_alias_set=
ac_cv_env_host_alias_value=
ac_cv_env_target_alias_set=
ac_cv_env_target_alias_value=
ac_cv_exeext=
ac_cv_func_RAND_status=yes
ac_cv_func_daemon=yes
ac_cv_func_errx=yes
ac_cv_func_getnameinfo=yes
ac_cv_func_getopt=yes
ac_cv_func_inet_aton=yes
ac_cv_func_memcmp_working=yes
ac_cv_func_pidfile=no
ac_cv_func_setproctitle=no
ac_cv_func_strlcpy=no
ac_cv_header_fcntl_h=yes
ac_cv_header_inttypes_h=yes
ac_cv_header_memory_h=yes
ac_cv_header_stdc=yes
ac_cv_header_stdint_h=yes
ac_cv_header_stdlib_h=yes
ac_cv_header_string_h=yes
ac_cv_header_strings_h=yes
ac_cv_header_sys_stat_h=yes
ac_cv_header_sys_time_h=yes
ac_cv_header_sys_types_h=yes
ac_cv_header_syslog_h=yes
ac_cv_header_unistd_h=yes
ac_cv_host=i686-pc-linux-gnu
ac_cv_host_alias=i686-pc-linux-gnu
ac_cv_lib_nsl_inet_ntoa=yes
ac_cv_lib_resolv_inet_aton=yes
ac_cv_lib_socket_connect=no
ac_cv_lib_util_pidfile=no
ac_cv_objext=o
ac_cv_path_install='/usr/bin/install -c'
ac_cv_prog_AWK=mawk
ac_cv_prog_CPP='gcc -E'
ac_cv_prog_ac_ct_CC=gcc
ac_cv_prog_cc_g=yes
ac_cv_prog_cc_stdc=
ac_cv_prog_egrep='grep -E'
ac_cv_prog_make_make_set=yes
ac_cv_type_pid_t=yes
ac_cv_type_size_t=yes
ac_cv_type_socklen_t=yes
am_cv_CC_dependencies_compiler_type=gcc3

## ----------------- ##
## Output variables. ##
## ----------------- ##

ACLOCAL='${SHELL} /home/sylar/tlswrap-1.04/missing --run aclocal-1.9'
AMDEPBACKSLASH='\'
AMDEP_FALSE='#'
AMDEP_TRUE=''
AMTAR='${SHELL} /home/sylar/tlswrap-1.04/missing --run tar'
AUTOCONF='${SHELL} /home/sylar/tlswrap-1.04/missing --run autoconf'
AUTOHEADER='${SHELL} /home/sylar/tlswrap-1.04/missing --run autoheader'
AUTOMAKE='${SHELL} /home/sylar/tlswrap-1.04/missing --run automake-1.9'
AWK='mawk'
CC='gcc'
CCDEPMODE='depmode=gcc3'
CFLAGS='-g -O2 -Wall -Wmissing-prototypes -I/usr/include'
CPP='gcc -E'
CPPFLAGS=''
CYGPATH_W='echo'
DEFS='-DHAVE_CONFIG_H'
DEPDIR='.deps'
ECHO_C=''
ECHO_N='-n'
ECHO_T=''
EGREP='grep -E'
EXEEXT=''
INCLUDES=''
INSTALL_DATA='${INSTALL} -m 644'
INSTALL_PROGRAM='${INSTALL}'
INSTALL_SCRIPT='${INSTALL}'
INSTALL_STRIP_PROGRAM='${SHELL} $(install_sh) -c -s'
LDFLAGS=''
LIBOBJS=''
LIBS='-lnsl -lresolv  -L/usr/lib -lssl -lcrypto'
LTLIBOBJS=''
MAKEINFO='${SHELL} /home/sylar/tlswrap-1.04/missing --run makeinfo'
OBJEXT='o'
PACKAGE='tlswrap'
PACKAGE_BUGREPORT=''
PACKAGE_NAME=''
PACKAGE_STRING=''
PACKAGE_TARNAME=''
PACKAGE_VERSION=''
PATH_SEPARATOR=':'
SET_MAKE=''
SHELL='/bin/bash'
STRIP=''
VERSION='0.8'
ac_ct_CC='gcc'
ac_ct_STRIP=''
am__fastdepCC_FALSE='#'
am__fastdepCC_TRUE=''
am__include='include'
am__leading_dot='.'
am__quote=''
am__tar='${AMTAR} chof - "$$tardir"'
am__untar='${AMTAR} xf -'
bindir='${exec_prefix}/bin'
build='i686-pc-linux-gnu'
build_alias=''
build_cpu='i686'
build_os='linux-gnu'
build_vendor='pc'
datadir='${prefix}/share'
exec_prefix='${prefix}'
host='i686-pc-linux-gnu'
host_alias=''
host_cpu='i686'
host_os='linux-gnu'
host_vendor='pc'
includedir='${prefix}/include'
infodir='${prefix}/info'
install_sh='/home/sylar/tlswrap-1.04/install-sh'
libdir='${exec_prefix}/lib'
libexecdir='${exec_prefix}/libexec'
localstatedir='${prefix}/var'
mandir='${prefix}/man'
mkdir_p='mkdir -p --'
oldincludedir='/usr/include'
prefix='/usr/local'
program_transform_name='s,x,x,'
sbindir='${exec_prefix}/sbin'
sharedstatedir='${prefix}/com'
ssldir='/usr'
sysconfdir='${prefix}/etc'
target_alias=''

## ----------- ##
## confdefs.h. ##
## ----------- ##

#define HAVE_DAEMON 1
#define HAVE_ERRX 1
#define HAVE_FCNTL_H 1
#define HAVE_GETNAMEINFO 1
#define HAVE_GETOPT 1
#define HAVE_INET_ATON 1
#define HAVE_INTTYPES_H 1
#define HAVE_LIBNSL 1
#define HAVE_LIBRESOLV 1
#define HAVE_MEMORY_H 1
#define HAVE_RAND_STATUS 1
#define HAVE_STDINT_H 1
#define HAVE_STDLIB_H 1
#define HAVE_STRINGS_H 1
#define HAVE_STRINGS_H 1
#define HAVE_STRING_H 1
#define HAVE_SYSLOG_H 1
#define HAVE_SYS_STAT_H 1
#define HAVE_SYS_TIME_H 1
#define HAVE_SYS_TYPES_H 1
#define HAVE_UNISTD_H 1
#define HAVE_UNISTD_H 1
#define PACKAGE "tlswrap"
#define PACKAGE_BUGREPORT ""
#define PACKAGE_NAME ""
#define PACKAGE_STRING ""
#define PACKAGE_TARNAME ""
#define PACKAGE_VERSION ""
#define STDC_HEADERS 1
#define VERSION "0.8"

configure: exit 0
